# JRE version: OpenJDK Runtime Environment (8.0_162-b12) (build 1.8.0_162-b12)
# Java VM: OpenJDK 64-Bit Server VM (25.162-b12 mixed mode linux-amd64 compressed oops)
Heap:
 PSYoungGen      total 134144K, used 132581K [0x00000000d6d80000, 0x00000000e0080000, 0x0000000100000000)
  eden space 124416K, 100% used [0x00000000d6d80000,0x00000000de700000,0x00000000de700000)
  from space 9728K, 83% used [0x00000000de700000,0x00000000deef95f8,0x00000000df080000)
  to   space 10240K, 82% used [0x00000000df680000,0x00000000dfebb280,0x00000000e0080000)
 ParOldGen       total 62976K, used 9491K [0x0000000084800000, 0x0000000088580000, 0x00000000d6d80000)
  object space 62976K, 15% used [0x0000000084800000,0x0000000085144db0,0x0000000088580000)
 Metaspace       used 31355K, capacity 32770K, committed 33024K, reserved 1077248K
  class space    used 4223K, capacity 4520K, committed 4608K, reserved 1048576K
GC Heap History (10 events):
Event: 2.370 GC heap after
Heap after GC invocations=4 (full 0):
 PSYoungGen      total 68608K, used 5119K [0x00000000d6d80000, 0x00000000db580000, 0x0000000100000000)
  eden space 63488K, 0% used [0x00000000d6d80000,0x00000000d6d80000,0x00000000dab80000)
  from space 5120K, 99% used [0x00000000db080000,0x00000000db57fc10,0x00000000db580000)
  to   space 5120K, 0% used [0x00000000dab80000,0x00000000dab80000,0x00000000db080000)
 ParOldGen       total 84992K, used 2994K [0x0000000084800000, 0x0000000089b00000, 0x00000000d6d80000)
  object space 84992K, 3% used [0x0000000084800000,0x0000000084aec930,0x0000000089b00000)
 Metaspace       used 18429K, capacity 18996K, committed 19200K, reserved 1067008K
  class space    used 2392K, capacity 2553K, committed 2560K, reserved 1048576K
}
Event: 2.812 GC heap before
{Heap before GC invocations=5 (full 0):
 PSYoungGen      total 68608K, used 29171K [0x00000000d6d80000, 0x00000000db580000, 0x0000000100000000)
  eden space 63488K, 37% used [0x00000000d6d80000,0x00000000d84fd3d8,0x00000000dab80000)
  from space 5120K, 99% used [0x00000000db080000,0x00000000db57fc10,0x00000000db580000)
  to   space 5120K, 0% used [0x00000000dab80000,0x00000000dab80000,0x00000000db080000)
 ParOldGen       total 84992K, used 2994K [0x0000000084800000, 0x0000000089b00000, 0x00000000d6d80000)
  object space 84992K, 3% used [0x0000000084800000,0x0000000084aec930,0x0000000089b00000)
 Metaspace       used 20655K, capacity 21192K, committed 21296K, reserved 1067008K
  class space    used 2716K, capacity 2883K, committed 2944K, reserved 1048576K
Event: 2.831 GC heap after
Heap after GC invocations=5 (full 0):
 PSYoungGen      total 68608K, used 5115K [0x00000000d6d80000, 0x00000000dfd80000, 0x0000000100000000)
  eden space 63488K, 0% used [0x00000000d6d80000,0x00000000d6d80000,0x00000000dab80000)
  from space 5120K, 99% used [0x00000000dab80000,0x00000000db07ee90,0x00000000db080000)
  to   space 10240K, 0% used [0x00000000df380000,0x00000000df380000,0x00000000dfd80000)
 ParOldGen       total 84992K, used 7548K [0x0000000084800000, 0x0000000089b00000, 0x00000000d6d80000)
  object space 84992K, 8% used [0x0000000084800000,0x0000000084f5f208,0x0000000089b00000)
 Metaspace       used 20655K, capacity 21192K, committed 21296K, reserved 1067008K
  class space    used 2716K, capacity 2883K, committed 2944K, reserved 1048576K
}
Event: 2.831 GC heap before
{Heap before GC invocations=6 (full 1):
 PSYoungGen      total 68608K, used 5115K [0x00000000d6d80000, 0x00000000dfd80000, 0x0000000100000000)
  eden space 63488K, 0% used [0x00000000d6d80000,0x00000000d6d80000,0x00000000dab80000)
  from space 5120K, 99% used [0x00000000dab80000,0x00000000db07ee90,0x00000000db080000)
  to   space 10240K, 0% used [0x00000000df380000,0x00000000df380000,0x00000000dfd80000)
 ParOldGen       total 84992K, used 7548K [0x0000000084800000, 0x0000000089b00000, 0x00000000d6d80000)
  object space 84992K, 8% used [0x0000000084800000,0x0000000084f5f208,0x0000000089b00000)
 Metaspace       used 20655K, capacity 21192K, committed 21296K, reserved 1067008K
  class space    used 2716K, capacity 2883K, committed 2944K, reserved 1048576K
Event: 2.912 GC heap after
Heap after GC invocations=6 (full 1):
 PSYoungGen      total 68608K, used 0K [0x00000000d6d80000, 0x00000000dfd80000, 0x0000000100000000)
  eden space 63488K, 0% used [0x00000000d6d80000,0x00000000d6d80000,0x00000000dab80000)
  from space 5120K, 0% used [0x00000000dab80000,0x00000000dab80000,0x00000000db080000)
  to   space 10240K, 0% used [0x00000000df380000,0x00000000df380000,0x00000000dfd80000)
 ParOldGen       total 62976K, used 9475K [0x0000000084800000, 0x0000000088580000, 0x00000000d6d80000)
  object space 62976K, 15% used [0x0000000084800000,0x0000000085140db0,0x0000000088580000)
 Metaspace       used 20655K, capacity 21192K, committed 21296K, reserved 1067008K
  class space    used 2716K, capacity 2883K, committed 2944K, reserved 1048576K
}
Event: 3.922 GC heap before
{Heap before GC invocations=7 (full 1):
 PSYoungGen      total 68608K, used 63488K [0x00000000d6d80000, 0x00000000dfd80000, 0x0000000100000000)
  eden space 63488K, 100% used [0x00000000d6d80000,0x00000000dab80000,0x00000000dab80000)
  from space 5120K, 0% used [0x00000000dab80000,0x00000000dab80000,0x00000000db080000)
  to   space 10240K, 0% used [0x00000000df380000,0x00000000df380000,0x00000000dfd80000)
 ParOldGen       total 62976K, used 9475K [0x0000000084800000, 0x0000000088580000, 0x00000000d6d80000)
  object space 62976K, 15% used [0x0000000084800000,0x0000000085140db0,0x0000000088580000)
 Metaspace       used 22403K, capacity 23082K, committed 23168K, reserved 1069056K
  class space    used 2970K, capacity 3168K, committed 3200K, reserved 1048576K
Event: 3.932 GC heap after
Heap after GC invocations=7 (full 1):
 PSYoungGen      total 97792K, used 6522K [0x00000000d6d80000, 0x00000000dfa00000, 0x0000000100000000)
  eden space 91136K, 0% used [0x00000000d6d80000,0x00000000d6d80000,0x00000000dc680000)
  from space 6656K, 97% used [0x00000000df380000,0x00000000df9deb40,0x00000000dfa00000)
  to   space 9728K, 0% used [0x00000000de700000,0x00000000de700000,0x00000000df080000)
 ParOldGen       total 62976K, used 9483K [0x0000000084800000, 0x0000000088580000, 0x00000000d6d80000)
  object space 62976K, 15% used [0x0000000084800000,0x0000000085142db0,0x0000000088580000)
 Metaspace       used 22403K, capacity 23082K, committed 23168K, reserved 1069056K
  class space    used 2970K, capacity 3168K, committed 3200K, reserved 1048576K
}
Event: 4.392 GC heap before
{Heap before GC invocations=8 (full 1):
 PSYoungGen      total 97792K, used 97658K [0x00000000d6d80000, 0x00000000dfa00000, 0x0000000100000000)
  eden space 91136K, 100% used [0x00000000d6d80000,0x00000000dc680000,0x00000000dc680000)
  from space 6656K, 97% used [0x00000000df380000,0x00000000df9deb40,0x00000000dfa00000)
  to   space 9728K, 0% used [0x00000000de700000,0x00000000de700000,0x00000000df080000)
 ParOldGen       total 62976K, used 9483K [0x0000000084800000, 0x0000000088580000, 0x00000000d6d80000)
  object space 62976K, 15% used [0x0000000084800000,0x0000000085142db0,0x0000000088580000)
 Metaspace       used 25238K, capacity 26204K, committed 26496K, reserved 1073152K
  class space    used 3403K, capacity 3639K, committed 3712K, reserved 1048576K
Event: 4.401 GC heap after
Heap after GC invocations=8 (full 1):
 PSYoungGen      total 134144K, used 8165K [0x00000000d6d80000, 0x00000000e0080000, 0x0000000100000000)
  eden space 124416K, 0% used [0x00000000d6d80000,0x00000000d6d80000,0x00000000de700000)
  from space 9728K, 83% used [0x00000000de700000,0x00000000deef95f8,0x00000000df080000)
  to   space 10240K, 0% used [0x00000000df680000,0x00000000df680000,0x00000000e0080000)
 ParOldGen       total 62976K, used 9491K [0x0000000084800000, 0x0000000088580000, 0x00000000d6d80000)
  object space 62976K, 15% used [0x0000000084800000,0x0000000085144db0,0x0000000088580000)
 Metaspace       used 25238K, capacity 26204K, committed 26496K, reserved 1073152K
  class space    used 3403K, capacity 3639K, committed 3712K, reserved 1048576K
}
Event: 5.320 GC heap before
{Heap before GC invocations=9 (full 1):
 PSYoungGen      total 134144K, used 132581K [0x00000000d6d80000, 0x00000000e0080000, 0x0000000100000000)
  eden space 124416K, 100% used [0x00000000d6d80000,0x00000000de700000,0x00000000de700000)
  from space 9728K, 83% used [0x00000000de700000,0x00000000deef95f8,0x00000000df080000)
  to   space 10240K, 0% used [0x00000000df680000,0x00000000df680000,0x00000000e0080000)
 ParOldGen       total 62976K, used 9491K [0x0000000084800000, 0x0000000088580000, 0x00000000d6d80000)
  object space 62976K, 15% used [0x0000000084800000,0x0000000085144db0,0x0000000088580000)
 Metaspace       used 31355K, capacity 32770K, committed 33024K, reserved 1077248K
  class space    used 4223K, capacity 4520K, committed 4608K, reserved 1048576K

