# JRE version: OpenJDK Runtime Environment (8.0_162-b12) (build 1.8.0_162-b12)
# Java VM: OpenJDK 64-Bit Server VM (25.162-b12 mixed mode linux-amd64 compressed oops)
Heap:
 PSYoungGen      total 198656K, used 198626K [0x00000000d6d80000, 0x00000000e4100000, 0x0000000100000000)
  eden space 185856K, 100% used [0x00000000d6d80000,0x00000000e2300000,0x00000000e2300000)
  from space 12800K, 99% used [0x00000000e3480000,0x00000000e40f88b8,0x00000000e4100000)
  to   space 14848K, 53% used [0x00000000e2400000,0x00000000e2bb6de0,0x00000000e3280000)
 ParOldGen       total 60928K, used 13466K [0x0000000084800000, 0x0000000088380000, 0x00000000d6d80000)
  object space 60928K, 22% used [0x0000000084800000,0x0000000085526818,0x0000000088380000)
 Metaspace       used 33479K, capacity 35070K, committed 35200K, reserved 1079296K
  class space    used 4562K, capacity 4925K, committed 4992K, reserved 1048576K
GC Heap History (10 events):
Event: 1.535 GC heap after
Heap after GC invocations=3 (full 0):
 PSYoungGen      total 68608K, used 5089K [0x00000000d6d80000, 0x00000000df380000, 0x0000000100000000)
  eden space 63488K, 0% used [0x00000000d6d80000,0x00000000d6d80000,0x00000000dab80000)
  from space 5120K, 99% used [0x00000000dab80000,0x00000000db0785d8,0x00000000db080000)
  to   space 5120K, 0% used [0x00000000dee80000,0x00000000dee80000,0x00000000df380000)
 ParOldGen       total 84992K, used 4989K [0x0000000084800000, 0x0000000089b00000, 0x00000000d6d80000)
  object space 84992K, 5% used [0x0000000084800000,0x0000000084cdf570,0x0000000089b00000)
 Metaspace       used 18502K, capacity 19062K, committed 19328K, reserved 1067008K
  class space    used 2411K, capacity 2591K, committed 2688K, reserved 1048576K
}
Event: 1.779 GC heap before
{Heap before GC invocations=4 (full 0):
 PSYoungGen      total 68608K, used 27703K [0x00000000d6d80000, 0x00000000df380000, 0x0000000100000000)
  eden space 63488K, 35% used [0x00000000d6d80000,0x00000000d83959c8,0x00000000dab80000)
  from space 5120K, 99% used [0x00000000dab80000,0x00000000db0785d8,0x00000000db080000)
  to   space 5120K, 0% used [0x00000000dee80000,0x00000000dee80000,0x00000000df380000)
 ParOldGen       total 84992K, used 4989K [0x0000000084800000, 0x0000000089b00000, 0x00000000d6d80000)
  object space 84992K, 5% used [0x0000000084800000,0x0000000084cdf570,0x0000000089b00000)
 Metaspace       used 20617K, capacity 21258K, committed 21296K, reserved 1067008K
  class space    used 2717K, capacity 2921K, committed 2944K, reserved 1048576K
Event: 1.798 GC heap after
Heap after GC invocations=4 (full 0):
 PSYoungGen      total 132096K, used 5114K [0x00000000d6d80000, 0x00000000df380000, 0x0000000100000000)
  eden space 126976K, 0% used [0x00000000d6d80000,0x00000000d6d80000,0x00000000de980000)
  from space 5120K, 99% used [0x00000000dee80000,0x00000000df37eb38,0x00000000df380000)
  to   space 5120K, 0% used [0x00000000de980000,0x00000000de980000,0x00000000dee80000)
 ParOldGen       total 84992K, used 9021K [0x0000000084800000, 0x0000000089b00000, 0x00000000d6d80000)
  object space 84992K, 10% used [0x0000000084800000,0x00000000850cf400,0x0000000089b00000)
 Metaspace       used 20617K, capacity 21258K, committed 21296K, reserved 1067008K
  class space    used 2717K, capacity 2921K, committed 2944K, reserved 1048576K
}
Event: 1.798 GC heap before
{Heap before GC invocations=5 (full 1):
 PSYoungGen      total 132096K, used 5114K [0x00000000d6d80000, 0x00000000df380000, 0x0000000100000000)
  eden space 126976K, 0% used [0x00000000d6d80000,0x00000000d6d80000,0x00000000de980000)
  from space 5120K, 99% used [0x00000000dee80000,0x00000000df37eb38,0x00000000df380000)
  to   space 5120K, 0% used [0x00000000de980000,0x00000000de980000,0x00000000dee80000)
 ParOldGen       total 84992K, used 9021K [0x0000000084800000, 0x0000000089b00000, 0x00000000d6d80000)
  object space 84992K, 10% used [0x0000000084800000,0x00000000850cf400,0x0000000089b00000)
 Metaspace       used 20617K, capacity 21258K, committed 21296K, reserved 1067008K
  class space    used 2717K, capacity 2921K, committed 2944K, reserved 1048576K
Event: 1.860 GC heap after
Heap after GC invocations=5 (full 1):
 PSYoungGen      total 132096K, used 0K [0x00000000d6d80000, 0x00000000df380000, 0x0000000100000000)
  eden space 126976K, 0% used [0x00000000d6d80000,0x00000000d6d80000,0x00000000de980000)
  from space 5120K, 0% used [0x00000000dee80000,0x00000000dee80000,0x00000000df380000)
  to   space 5120K, 0% used [0x00000000de980000,0x00000000de980000,0x00000000dee80000)
 ParOldGen       total 60928K, used 8971K [0x0000000084800000, 0x0000000088380000, 0x00000000d6d80000)
  object space 60928K, 14% used [0x0000000084800000,0x00000000850c2e88,0x0000000088380000)
 Metaspace       used 20617K, capacity 21258K, committed 21296K, reserved 1067008K
  class space    used 2717K, capacity 2921K, committed 2944K, reserved 1048576K
}
Event: 2.830 GC heap before
{Heap before GC invocations=6 (full 1):
 PSYoungGen      total 132096K, used 126976K [0x00000000d6d80000, 0x00000000df380000, 0x0000000100000000)
  eden space 126976K, 100% used [0x00000000d6d80000,0x00000000de980000,0x00000000de980000)
  from space 5120K, 0% used [0x00000000dee80000,0x00000000dee80000,0x00000000df380000)
  to   space 5120K, 0% used [0x00000000de980000,0x00000000de980000,0x00000000dee80000)
 ParOldGen       total 60928K, used 8971K [0x0000000084800000, 0x0000000088380000, 0x00000000d6d80000)
  object space 60928K, 14% used [0x0000000084800000,0x00000000850c2e88,0x0000000088380000)
 Metaspace       used 23578K, capacity 24310K, committed 24704K, reserved 1071104K
  class space    used 3159K, capacity 3353K, committed 3456K, reserved 1048576K
Event: 2.840 GC heap after
Heap after GC invocations=6 (full 1):
 PSYoungGen      total 132096K, used 5101K [0x00000000d6d80000, 0x00000000e4100000, 0x0000000100000000)
  eden space 126976K, 0% used [0x00000000d6d80000,0x00000000d6d80000,0x00000000de980000)
  from space 5120K, 99% used [0x00000000de980000,0x00000000dee7b748,0x00000000dee80000)
  to   space 12800K, 0% used [0x00000000e3480000,0x00000000e3480000,0x00000000e4100000)
 ParOldGen       total 60928K, used 13458K [0x0000000084800000, 0x0000000088380000, 0x00000000d6d80000)
  object space 60928K, 22% used [0x0000000084800000,0x0000000085524818,0x0000000088380000)
 Metaspace       used 23578K, capacity 24310K, committed 24704K, reserved 1071104K
  class space    used 3159K, capacity 3353K, committed 3456K, reserved 1048576K
}
Event: 3.762 GC heap before
{Heap before GC invocations=7 (full 1):
 PSYoungGen      total 132096K, used 132077K [0x00000000d6d80000, 0x00000000e4100000, 0x0000000100000000)
  eden space 126976K, 100% used [0x00000000d6d80000,0x00000000de980000,0x00000000de980000)
  from space 5120K, 99% used [0x00000000de980000,0x00000000dee7b748,0x00000000dee80000)
  to   space 12800K, 0% used [0x00000000e3480000,0x00000000e3480000,0x00000000e4100000)
 ParOldGen       total 60928K, used 13458K [0x0000000084800000, 0x0000000088380000, 0x00000000d6d80000)
  object space 60928K, 22% used [0x0000000084800000,0x0000000085524818,0x0000000088380000)
 Metaspace       used 29637K, capacity 30874K, committed 30976K, reserved 1075200K
  class space    used 4004K, capacity 4251K, committed 4352K, reserved 1048576K
Event: 3.775 GC heap after
Heap after GC invocations=7 (full 1):
 PSYoungGen      total 198656K, used 12770K [0x00000000d6d80000, 0x00000000e4100000, 0x0000000100000000)
  eden space 185856K, 0% used [0x00000000d6d80000,0x00000000d6d80000,0x00000000e2300000)
  from space 12800K, 99% used [0x00000000e3480000,0x00000000e40f88b8,0x00000000e4100000)
  to   space 14848K, 0% used [0x00000000e2400000,0x00000000e2400000,0x00000000e3280000)
 ParOldGen       total 60928K, used 13466K [0x0000000084800000, 0x0000000088380000, 0x00000000d6d80000)
  object space 60928K, 22% used [0x0000000084800000,0x0000000085526818,0x0000000088380000)
 Metaspace       used 29637K, capacity 30874K, committed 30976K, reserved 1075200K
  class space    used 4004K, capacity 4251K, committed 4352K, reserved 1048576K
}
Event: 9.313 GC heap before
{Heap before GC invocations=8 (full 1):
 PSYoungGen      total 198656K, used 198626K [0x00000000d6d80000, 0x00000000e4100000, 0x0000000100000000)
  eden space 185856K, 100% used [0x00000000d6d80000,0x00000000e2300000,0x00000000e2300000)
  from space 12800K, 99% used [0x00000000e3480000,0x00000000e40f88b8,0x00000000e4100000)
  to   space 14848K, 0% used [0x00000000e2400000,0x00000000e2400000,0x00000000e3280000)
 ParOldGen       total 60928K, used 13466K [0x0000000084800000, 0x0000000088380000, 0x00000000d6d80000)
  object space 60928K, 22% used [0x0000000084800000,0x0000000085526818,0x0000000088380000)
 Metaspace       used 33479K, capacity 35070K, committed 35200K, reserved 1079296K
  class space    used 4562K, capacity 4925K, committed 4992K, reserved 1048576K

