# JRE version: OpenJDK Runtime Environment (8.0_162-b12) (build 1.8.0_162-b12)
# Java VM: OpenJDK 64-Bit Server VM (25.162-b12 mixed mode linux-amd64 compressed oops)
Heap:
 PSYoungGen      total 122880K, used 114080K [0x00000000eab00000, 0x00000000f3100000, 0x0000000100000000)
  eden space 111616K, 100% used [0x00000000eab00000,0x00000000f1800000,0x00000000f1800000)
  from space 11264K, 21% used [0x00000000f2380000,0x00000000f25e8000,0x00000000f2e80000)
  to   space 11776K, 14% used [0x00000000f1800000,0x00000000f19a0000,0x00000000f2380000)
 ParOldGen       total 88576K, used 28636K [0x00000000c0000000, 0x00000000c5680000, 0x00000000eab00000)
  object space 88576K, 32% used [0x00000000c0000000,0x00000000c1bf7338,0x00000000c5680000)
 Metaspace       used 43103K, capacity 44576K, committed 44800K, reserved 1087488K
  class space    used 5885K, capacity 6310K, committed 6400K, reserved 1048576K
GC Heap History (10 events):
Event: 28.826 GC heap after
Heap after GC invocations=12 (full 2):
 PSYoungGen      total 83456K, used 0K [0x00000000eab00000, 0x00000000f0800000, 0x0000000100000000)
  eden space 73216K, 0% used [0x00000000eab00000,0x00000000eab00000,0x00000000ef280000)
  from space 10240K, 0% used [0x00000000efc80000,0x00000000efc80000,0x00000000f0680000)
  to   space 10240K, 0% used [0x00000000ef280000,0x00000000ef280000,0x00000000efc80000)
 ParOldGen       total 88576K, used 16016K [0x00000000c0000000, 0x00000000c5680000, 0x00000000eab00000)
  object space 88576K, 18% used [0x00000000c0000000,0x00000000c0fa42f8,0x00000000c5680000)
 Metaspace       used 34482K, capacity 35130K, committed 35416K, reserved 1079296K
  class space    used 4764K, capacity 5026K, committed 5120K, reserved 1048576K
}
Event: 30.506 GC heap before
{Heap before GC invocations=13 (full 2):
 PSYoungGen      total 83456K, used 73216K [0x00000000eab00000, 0x00000000f0800000, 0x0000000100000000)
  eden space 73216K, 100% used [0x00000000eab00000,0x00000000ef280000,0x00000000ef280000)
  from space 10240K, 0% used [0x00000000efc80000,0x00000000efc80000,0x00000000f0680000)
  to   space 10240K, 0% used [0x00000000ef280000,0x00000000ef280000,0x00000000efc80000)
 ParOldGen       total 88576K, used 16016K [0x00000000c0000000, 0x00000000c5680000, 0x00000000eab00000)
  object space 88576K, 18% used [0x00000000c0000000,0x00000000c0fa42f8,0x00000000c5680000)
 Metaspace       used 37453K, capacity 38210K, committed 38656K, reserved 1083392K
  class space    used 5227K, capacity 5516K, committed 5632K, reserved 1048576K
Event: 30.516 GC heap after
Heap after GC invocations=13 (full 2):
 PSYoungGen      total 83456K, used 4823K [0x00000000eab00000, 0x00000000f1b80000, 0x0000000100000000)
  eden space 73216K, 0% used [0x00000000eab00000,0x00000000eab00000,0x00000000ef280000)
  from space 10240K, 47% used [0x00000000ef280000,0x00000000ef735e98,0x00000000efc80000)
  to   space 10240K, 0% used [0x00000000f1180000,0x00000000f1180000,0x00000000f1b80000)
 ParOldGen       total 88576K, used 16024K [0x00000000c0000000, 0x00000000c5680000, 0x00000000eab00000)
  object space 88576K, 18% used [0x00000000c0000000,0x00000000c0fa62f8,0x00000000c5680000)
 Metaspace       used 37453K, capacity 38210K, committed 38656K, reserved 1083392K
  class space    used 5227K, capacity 5516K, committed 5632K, reserved 1048576K
}
Event: 203.088 GC heap before
{Heap before GC invocations=14 (full 2):
 PSYoungGen      total 83456K, used 78039K [0x00000000eab00000, 0x00000000f1b80000, 0x0000000100000000)
  eden space 73216K, 100% used [0x00000000eab00000,0x00000000ef280000,0x00000000ef280000)
  from space 10240K, 47% used [0x00000000ef280000,0x00000000ef735e98,0x00000000efc80000)
  to   space 10240K, 0% used [0x00000000f1180000,0x00000000f1180000,0x00000000f1b80000)
 ParOldGen       total 88576K, used 16024K [0x00000000c0000000, 0x00000000c5680000, 0x00000000eab00000)
  object space 88576K, 18% used [0x00000000c0000000,0x00000000c0fa62f8,0x00000000c5680000)
 Metaspace       used 39674K, capacity 40996K, committed 41344K, reserved 1085440K
  class space    used 5541K, capacity 5916K, committed 6016K, reserved 1048576K
Event: 203.097 GC heap after
Heap after GC invocations=14 (full 2):
 PSYoungGen      total 96768K, used 5104K [0x00000000eab00000, 0x00000000f1700000, 0x0000000100000000)
  eden space 91136K, 0% used [0x00000000eab00000,0x00000000eab00000,0x00000000f0400000)
  from space 5632K, 90% used [0x00000000f1180000,0x00000000f167c030,0x00000000f1700000)
  to   space 9728K, 0% used [0x00000000f0400000,0x00000000f0400000,0x00000000f0d80000)
 ParOldGen       total 88576K, used 18770K [0x00000000c0000000, 0x00000000c5680000, 0x00000000eab00000)
  object space 88576K, 21% used [0x00000000c0000000,0x00000000c1254b38,0x00000000c5680000)
 Metaspace       used 39674K, capacity 40996K, committed 41344K, reserved 1085440K
  class space    used 5541K, capacity 5916K, committed 6016K, reserved 1048576K
}
Event: 206.816 GC heap before
{Heap before GC invocations=15 (full 2):
 PSYoungGen      total 96768K, used 96230K [0x00000000eab00000, 0x00000000f1700000, 0x0000000100000000)
  eden space 91136K, 99% used [0x00000000eab00000,0x00000000f03fd8a0,0x00000000f0400000)
  from space 5632K, 90% used [0x00000000f1180000,0x00000000f167c030,0x00000000f1700000)
  to   space 9728K, 0% used [0x00000000f0400000,0x00000000f0400000,0x00000000f0d80000)
 ParOldGen       total 88576K, used 18770K [0x00000000c0000000, 0x00000000c5680000, 0x00000000eab00000)
  object space 88576K, 21% used [0x00000000c0000000,0x00000000c1254b38,0x00000000c5680000)
 Metaspace       used 42232K, capacity 43648K, committed 43904K, reserved 1087488K
  class space    used 5826K, capacity 6214K, committed 6272K, reserved 1048576K
Event: 206.830 GC heap after
Heap after GC invocations=15 (full 2):
 PSYoungGen      total 100864K, used 9715K [0x00000000eab00000, 0x00000000f2e80000, 0x0000000100000000)
  eden space 91136K, 0% used [0x00000000eab00000,0x00000000eab00000,0x00000000f0400000)
  from space 9728K, 99% used [0x00000000f0400000,0x00000000f0d7cc50,0x00000000f0d80000)
  to   space 11264K, 0% used [0x00000000f2380000,0x00000000f2380000,0x00000000f2e80000)
 ParOldGen       total 88576K, used 20014K [0x00000000c0000000, 0x00000000c5680000, 0x00000000eab00000)
  object space 88576K, 22% used [0x00000000c0000000,0x00000000c138bae8,0x00000000c5680000)
 Metaspace       used 42232K, capacity 43648K, committed 43904K, reserved 1087488K
  class space    used 5826K, capacity 6214K, committed 6272K, reserved 1048576K
}
Event: 208.165 GC heap before
{Heap before GC invocations=16 (full 2):
 PSYoungGen      total 100864K, used 100851K [0x00000000eab00000, 0x00000000f2e80000, 0x0000000100000000)
  eden space 91136K, 100% used [0x00000000eab00000,0x00000000f0400000,0x00000000f0400000)
  from space 9728K, 99% used [0x00000000f0400000,0x00000000f0d7cc50,0x00000000f0d80000)
  to   space 11264K, 0% used [0x00000000f2380000,0x00000000f2380000,0x00000000f2e80000)
 ParOldGen       total 88576K, used 20014K [0x00000000c0000000, 0x00000000c5680000, 0x00000000eab00000)
  object space 88576K, 22% used [0x00000000c0000000,0x00000000c138bae8,0x00000000c5680000)
 Metaspace       used 42537K, capacity 43888K, committed 44160K, reserved 1087488K
  class space    used 5835K, capacity 6222K, committed 6272K, reserved 1048576K
Event: 208.179 GC heap after
Heap after GC invocations=16 (full 2):
 PSYoungGen      total 122880K, used 2464K [0x00000000eab00000, 0x00000000f3100000, 0x0000000100000000)
  eden space 111616K, 0% used [0x00000000eab00000,0x00000000eab00000,0x00000000f1800000)
  from space 11264K, 21% used [0x00000000f2380000,0x00000000f25e8000,0x00000000f2e80000)
  to   space 11776K, 0% used [0x00000000f1800000,0x00000000f1800000,0x00000000f2380000)
 ParOldGen       total 88576K, used 28628K [0x00000000c0000000, 0x00000000c5680000, 0x00000000eab00000)
  object space 88576K, 32% used [0x00000000c0000000,0x00000000c1bf5338,0x00000000c5680000)
 Metaspace       used 42537K, capacity 43888K, committed 44160K, reserved 1087488K
  class space    used 5835K, capacity 6222K, committed 6272K, reserved 1048576K
}
Event: 245.255 GC heap before
{Heap before GC invocations=17 (full 2):
 PSYoungGen      total 122880K, used 114080K [0x00000000eab00000, 0x00000000f3100000, 0x0000000100000000)
  eden space 111616K, 100% used [0x00000000eab00000,0x00000000f1800000,0x00000000f1800000)
  from space 11264K, 21% used [0x00000000f2380000,0x00000000f25e8000,0x00000000f2e80000)
  to   space 11776K, 0% used [0x00000000f1800000,0x00000000f1800000,0x00000000f2380000)
 ParOldGen       total 88576K, used 28628K [0x00000000c0000000, 0x00000000c5680000, 0x00000000eab00000)
  object space 88576K, 32% used [0x00000000c0000000,0x00000000c1bf5338,0x00000000c5680000)
 Metaspace       used 43103K, capacity 44576K, committed 44800K, reserved 1087488K
  class space    used 5885K, capacity 6310K, committed 6400K, reserved 1048576K

